â”Œâ”€â”€â”€â”€â”¬â”€â”€â”€â”€â”€â”€â”€â”€â”€â”€â”¬â”€â”€â”€â”€â”€â”€â”€â”€â”€â”€â”¬â”€â”€â”€â”€â”€â”€â”€â”€â”€â”€â”€â”€â”€â”¬â”€â”€â”€â”€â”€â”€â”€â”€â”€â”€â”€â”€â”€â”€â”€â”€â”€â”€â”€â”€â”€â”€â”€â”€â”€â”€â”€â”€â”€â”€â”€â”€â”€â”€â”€â”€â”€â”€â”€â”€â”€â”€â”€â”€â”€â”€â”€â”€â”€â”€â”€â”€â”€â”€â”€â”€â”€â”€â”€â”€â”€â”€â”€â”€â”€â”€â”€â”€â”€â”€â”€â”€â”€â”€â”€â”€â”€â”€â”€â”€â”€â”€â”€â”€â”€â”€â”€â”€â”€â”€â”€â”€â”€â”€â”€â”€â”€â”€â”€â”€â”€â”€â”€â”€â”€â”€â”€â”€â”€â”€â”€â”€â”€â”€â”€â”€â”€â”€â”€â”€â”€â”€â”€â”€â”€â”€â”€â”€â”€â”€â”€â”€â”€â”€â”€â”
â”‚[40m    [49mâ”‚[40m [32mStatus[39m   [49mâ”‚[40m [32mFile Type[39m[49mâ”‚[40m [32mSize[39m        [49mâ”‚[40m [32mGateway[39m                                                                                                                               [49mâ”‚
â”œâ”€â”€â”€â”€â”¼â”€â”€â”€â”€â”€â”€â”€â”€â”€â”€â”¼â”€â”€â”€â”€â”€â”€â”€â”€â”€â”€â”¼â”€â”€â”€â”€â”€â”€â”€â”€â”€â”€â”€â”€â”€â”¼â”€â”€â”€â”€â”€â”€â”€â”€â”€â”€â”€â”€â”€â”€â”€â”€â”€â”€â”€â”€â”€â”€â”€â”€â”€â”€â”€â”€â”€â”€â”€â”€â”€â”€â”€â”€â”€â”€â”€â”€â”€â”€â”€â”€â”€â”€â”€â”€â”€â”€â”€â”€â”€â”€â”€â”€â”€â”€â”€â”€â”€â”€â”€â”€â”€â”€â”€â”€â”€â”€â”€â”€â”€â”€â”€â”€â”€â”€â”€â”€â”€â”€â”€â”€â”€â”€â”€â”€â”€â”€â”€â”€â”€â”€â”€â”€â”€â”€â”€â”€â”€â”€â”€â”€â”€â”€â”€â”€â”€â”€â”€â”€â”€â”€â”€â”€â”€â”€â”€â”€â”€â”€â”€â”€â”€â”€â”€â”€â”€â”€â”€â”€â”€â”€â”€â”¤
â”‚[40m [32mâœ”[39m  [49mâ”‚[40m [32mSUCCESS[39m  [49mâ”‚ Bundle   â”‚ 675016 bytesâ”‚ https://ipfs.io/ipfs/QmST9jKk4FG2aS977MY3U4fKVViYjn43eXqPUNS7SnhdNt                                                                   â”‚
â”œâ”€â”€â”€â”€â”¼â”€â”€â”€â”€â”€â”€â”€â”€â”€â”€â”¼â”€â”€â”€â”€â”€â”€â”€â”€â”€â”€â”¼â”€â”€â”€â”€â”€â”€â”€â”€â”€â”€â”€â”€â”€â”¼â”€â”€â”€â”€â”€â”€â”€â”€â”€â”€â”€â”€â”€â”€â”€â”€â”€â”€â”€â”€â”€â”€â”€â”€â”€â”€â”€â”€â”€â”€â”€â”€â”€â”€â”€â”€â”€â”€â”€â”€â”€â”€â”€â”€â”€â”€â”€â”€â”€â”€â”€â”€â”€â”€â”€â”€â”€â”€â”€â”€â”€â”€â”€â”€â”€â”€â”€â”€â”€â”€â”€â”€â”€â”€â”€â”€â”€â”€â”€â”€â”€â”€â”€â”€â”€â”€â”€â”€â”€â”€â”€â”€â”€â”€â”€â”€â”€â”€â”€â”€â”€â”€â”€â”€â”€â”€â”€â”€â”€â”€â”€â”€â”€â”€â”€â”€â”€â”€â”€â”€â”€â”€â”€â”€â”€â”€â”€â”€â”€â”€â”€â”€â”€â”€â”€â”¤
â”‚[40m [32mâœ”[39m  [49mâ”‚[40m [32mSUCCESS[39m  [49mâ”‚ Typings  â”‚ 76900 bytes â”‚ https://ipfs.io/ipfs/QmaQs19At26D4gSfppPQT4qXsBhxvrUZjTu8wzwAVnkbBc                                                                   â”‚
â”œâ”€â”€â”€â”€â”¼â”€â”€â”€â”€â”€â”€â”€â”€â”€â”€â”¼â”€â”€â”€â”€â”€â”€â”€â”€â”€â”€â”¼â”€â”€â”€â”€â”€â”€â”€â”€â”€â”€â”€â”€â”€â”¼â”€â”€â”€â”€â”€â”€â”€â”€â”€â”€â”€â”€â”€â”€â”€â”€â”€â”€â”€â”€â”€â”€â”€â”€â”€â”€â”€â”€â”€â”€â”€â”€â”€â”€â”€â”€â”€â”€â”€â”€â”€â”€â”€â”€â”€â”€â”€â”€â”€â”€â”€â”€â”€â”€â”€â”€â”€â”€â”€â”€â”€â”€â”€â”€â”€â”€â”€â”€â”€â”€â”€â”€â”€â”€â”€â”€â”€â”€â”€â”€â”€â”€â”€â”€â”€â”€â”€â”€â”€â”€â”€â”€â”€â”€â”€â”€â”€â”€â”€â”€â”€â”€â”€â”€â”€â”€â”€â”€â”€â”€â”€â”€â”€â”€â”€â”€â”€â”€â”€â”€â”€â”€â”€â”€â”€â”€â”€â”€â”€â”€â”€â”€â”€â”€â”€â”¤
â”‚[40m [32mâœ”[39m  [49mâ”‚[40m [32mSUCCESS[39m  [49mâ”‚ Module   â”‚ 674 bytes   â”‚ https://ipfs.io/ipfs/QmV8q3reEXq53YucVAktZ96JqsZTv1fqnnmqYUaJnLbi2R                                                                   â”‚
â””â”€â”€â”€â”€â”´â”€â”€â”€â”€â”€â”€â”€â”€â”€â”€â”´â”€â”€â”€â”€â”€â”€â”€â”€â”€â”€â”´â”€â”€â”€â”€â”€â”€â”€â”€â”€â”€â”€â”€â”€â”´â”€â”€â”€â”€â”€â”€â”€â”€â”€â”€â”€â”€â”€â”€â”€â”€â”€â”€â”€â”€â”€â”€â”€â”€â”€â”€â”€â”€â”€â”€â”€â”€â”€â”€â”€â”€â”€â”€â”€â”€â”€â”€â”€â”€â”€â”€â”€â”€â”€â”€â”€â”€â”€â”€â”€â”€â”€â”€â”€â”€â”€â”€â”€â”€â”€â”€â”€â”€â”€â”€â”€â”€â”€â”€â”€â”€â”€â”€â”€â”€â”€â”€â”€â”€â”€â”€â”€â”€â”€â”€â”€â”€â”€â”€â”€â”€â”€â”€â”€â”€â”€â”€â”€â”€â”€â”€â”€â”€â”€â”€â”€â”€â”€â”€â”€â”€â”€â”€â”€â”€â”€â”€â”€â”€â”€â”€â”€â”€â”€â”€â”€â”€â”€â”€â”€â”˜
1568542249029,Bundling Started!

./trello/build
âœ¨  [32m[1mBuilt in 8.76s.[22m[39m

[2mtrello/build/[22m[36m[1mtrello.js.map[22m[39m                                                                    [1m[33mâš ï¸  2.09 MB[39m[22m    [32m[1m735ms[22m[39m

[2mtrello/build/[22m[36m[1mtrello.js[22m[39m                                                                         [1m[35m654.89 KB[39m[22m    [32m[1m7.87s[22m[39m
â”œâ”€â”€ [2m../node_modules/systemjs/dist/[22m[0msystem.src.js[0m                                                 [2m[35m47.36 KB[39m[22m    [2m[32m2.98s[39m[22m
â”œâ”€â”€ [2m../node_modules/rxjs/_esm5/operators/[22m[0mindex.js[0m                                                  [2m[35m24 KB[39m[22m    [2m[32m1.10s[39m[22m
â”œâ”€â”€ [2m../node_modules/buffer/[22m[0mindex.js[0m                                                             [2m[35m19.72 KB[39m[22m    [2m[32m830ms[39m[22m
â”œâ”€â”€ [2mtrello/[22m[0mtrello.component.ts[0m                                                                  [2m[35m13.88 KB[39m[22m    [2m[32m127ms[39m[22m
â”œâ”€â”€ [2m../node_modules/rxjs/_esm5/[22m[0mindex.js[0m                                                         [2m[35m12.52 KB[39m[22m    [2m[32m803ms[39m[22m
â”œâ”€â”€ [2m../node_modules/node-libs-browser/node_modules/readable-stream/lib/[22m[0m_stream_readable.js[0m      [2m[35m11.89 KB[39m[22m    [2m[32m708ms[39m[22m
â”œâ”€â”€ [2m../node_modules/reflect-metadata/[22m[0mReflect.js[0m                                                  [2m[35m9.51 KB[39m[22m    [2m[32m925ms[39m[22m
â”œâ”€â”€ [2m../node_modules/@rxdi/core/dist/services/external-importer/[22m[0mexternal-importer.js[0m              [2m[35m9.25 KB[39m[22m    [2m[32m1.82s[39m[22m
â”œâ”€â”€ [2m../node_modules/node-libs-browser/node_modules/readable-stream/lib/[22m[0m_stream_writable.js[0m       [2m[35m8.02 KB[39m[22m    [2m[32m733ms[39m[22m
â”œâ”€â”€ [2m../node_modules/@rxdi/core/dist/services/bootstrap/[22m[0mbootstrap.service.js[0m                      [2m[35m7.76 KB[39m[22m    [2m[32m2.24s[39m[22m
â””â”€â”€ [2m+ 388 more assets[22m                                                                     
1568542258802,Bundling finished!

1568542258802,Adding commit message dada...

1568542258808,Cloudflare: https://cloudflare-ipfs.com/ipfs/QmYMbmt4DUfqiXd5Qw8KTRSFkpRFqgcVPUPWBry31ZqRu7
1568542258808,Commit message added...

1568542258816,Reading bundle ./trello/build/trello.js finished!

1568542259079,Cloudflare: https://cloudflare-ipfs.com/ipfs/QmQQActEMDke4BGXso7f17ZQnkEHh9Bcp6V7DyYceZwSfh
1568542259080,Bundle added to ipfs ./trello/build/trello.js

1568542259080,Typescript definitions merge started!

1568542259080,Typescript merging definitions started in child process...

1568542261498,Child process exited with code 0

1568542261499,Typescript definitions merge finished! Reading file...

1568542261501,Typescript definitions read finished! Adding to IPFS...

1568542261507,Cloudflare: https://cloudflare-ipfs.com/ipfs/QmaQs19At26D4gSfppPQT4qXsBhxvrUZjTu8wzwAVnkbBc
1568542261508,Typescript definitions added to IPFS! Adding module configuration...

1568542261509,Reactive file present reactive.json package dependencies will be taken from it
1568542261513,Current module before deploy {"name":"@my-project/trello","module":"QmQQActEMDke4BGXso7f17ZQnkEHh9Bcp6V7DyYceZwSfh","createdAt":"2019-09-15T10:11:01.509Z","typings":"QmaQs19At26D4gSfppPQT4qXsBhxvrUZjTu8wzwAVnkbBc","message":"QmYMbmt4DUfqiXd5Qw8KTRSFkpRFqgcVPUPWBry31ZqRu7","previous":["QmXdhmuNSyGfjP9gZcHHTNRiVokzEBUpzLbddEX63n8Ajd","QmV5bZGEcY1anNnmMKsKsaewmyhZ9adzqZiPrpjvRqz1d6","QmPGLZcyDsro9scANFN7o6pWjq3Sf2jkn3xdRrfMRv6q1Z","QmTPSgwcXPQxsSmfnuQ7DfMg8L1beiG4eUsUduXtsGc1VF","QmNUBfw8mDvfvs5FyapsLaFSWGBfhhq2u9MJ8oWd5cGLDZ","QmdcRLtZZceTZmMV7TtVZk5iSvKgsUrQWY7SwLkE15eder","QmQWUkAMV3YJnVymGfTg7XSVoy3qea5ZRLC23yG33M4AzK","QmV8q3reEXq53YucVAktZ96JqsZTv1fqnnmqYUaJnLbi2R"]}
1568542261686,Cloudflare: https://cloudflare-ipfs.com/ipfs/QmUeG7W8FWU42WnF5jBJHP42eaHknJepgEvrKSqWQsb6Qx
1568542261688,Module configuration added to ipfs!

1568542261692,Module saved to persistant history!
