â”Œâ”€â”€â”€â”€â”¬â”€â”€â”€â”€â”€â”€â”€â”€â”€â”€â”¬â”€â”€â”€â”€â”€â”€â”€â”€â”€â”€â”¬â”€â”€â”€â”€â”€â”€â”€â”€â”€â”€â”€â”€â”€â”¬â”€â”€â”€â”€â”€â”€â”€â”€â”€â”€â”€â”€â”€â”€â”€â”€â”€â”€â”€â”€â”€â”€â”€â”€â”€â”€â”€â”€â”€â”€â”€â”€â”€â”€â”€â”€â”€â”€â”€â”€â”€â”€â”€â”€â”€â”€â”€â”€â”€â”€â”€â”€â”€â”€â”€â”€â”€â”€â”€â”€â”€â”€â”€â”€â”€â”€â”€â”€â”€â”€â”€â”€â”€â”€â”€â”€â”€â”€â”€â”€â”€â”€â”€â”€â”€â”€â”€â”€â”€â”€â”€â”€â”€â”€â”€â”€â”€â”€â”€â”€â”€â”€â”€â”€â”€â”€â”€â”€â”€â”€â”€â”€â”€â”€â”€â”€â”€â”€â”€â”€â”€â”€â”€â”€â”€â”€â”€â”€â”€â”€â”€â”€â”€â”€â”€â”
â”‚[40m    [49mâ”‚[40m [32mStatus[39m   [49mâ”‚[40m [32mFile Type[39m[49mâ”‚[40m [32mSize[39m        [49mâ”‚[40m [32mGateway[39m                                                                                                                               [49mâ”‚
â”œâ”€â”€â”€â”€â”¼â”€â”€â”€â”€â”€â”€â”€â”€â”€â”€â”¼â”€â”€â”€â”€â”€â”€â”€â”€â”€â”€â”¼â”€â”€â”€â”€â”€â”€â”€â”€â”€â”€â”€â”€â”€â”¼â”€â”€â”€â”€â”€â”€â”€â”€â”€â”€â”€â”€â”€â”€â”€â”€â”€â”€â”€â”€â”€â”€â”€â”€â”€â”€â”€â”€â”€â”€â”€â”€â”€â”€â”€â”€â”€â”€â”€â”€â”€â”€â”€â”€â”€â”€â”€â”€â”€â”€â”€â”€â”€â”€â”€â”€â”€â”€â”€â”€â”€â”€â”€â”€â”€â”€â”€â”€â”€â”€â”€â”€â”€â”€â”€â”€â”€â”€â”€â”€â”€â”€â”€â”€â”€â”€â”€â”€â”€â”€â”€â”€â”€â”€â”€â”€â”€â”€â”€â”€â”€â”€â”€â”€â”€â”€â”€â”€â”€â”€â”€â”€â”€â”€â”€â”€â”€â”€â”€â”€â”€â”€â”€â”€â”€â”€â”€â”€â”€â”€â”€â”€â”€â”€â”€â”¤
â”‚[40m [32mâœ”[39m  [49mâ”‚[40m [32mSUCCESS[39m  [49mâ”‚ Bundle   â”‚ 16175 bytes â”‚ https://ipfs.io/ipfs/QmQGKFj9pF8pcdffdnRZJ5rLg1rs8xiNh2D974ZG9FQsgU                                                                   â”‚
â”œâ”€â”€â”€â”€â”¼â”€â”€â”€â”€â”€â”€â”€â”€â”€â”€â”¼â”€â”€â”€â”€â”€â”€â”€â”€â”€â”€â”¼â”€â”€â”€â”€â”€â”€â”€â”€â”€â”€â”€â”€â”€â”¼â”€â”€â”€â”€â”€â”€â”€â”€â”€â”€â”€â”€â”€â”€â”€â”€â”€â”€â”€â”€â”€â”€â”€â”€â”€â”€â”€â”€â”€â”€â”€â”€â”€â”€â”€â”€â”€â”€â”€â”€â”€â”€â”€â”€â”€â”€â”€â”€â”€â”€â”€â”€â”€â”€â”€â”€â”€â”€â”€â”€â”€â”€â”€â”€â”€â”€â”€â”€â”€â”€â”€â”€â”€â”€â”€â”€â”€â”€â”€â”€â”€â”€â”€â”€â”€â”€â”€â”€â”€â”€â”€â”€â”€â”€â”€â”€â”€â”€â”€â”€â”€â”€â”€â”€â”€â”€â”€â”€â”€â”€â”€â”€â”€â”€â”€â”€â”€â”€â”€â”€â”€â”€â”€â”€â”€â”€â”€â”€â”€â”€â”€â”€â”€â”€â”€â”¤
â”‚[40m [32mâœ”[39m  [49mâ”‚[40m [32mSUCCESS[39m  [49mâ”‚ Typings  â”‚ 102835 bytesâ”‚ https://ipfs.io/ipfs/QmQTChBeDFCWWfcdFxNpRfjuq5TXhpNvjTzskFfp1Mhm7L                                                                   â”‚
â”œâ”€â”€â”€â”€â”¼â”€â”€â”€â”€â”€â”€â”€â”€â”€â”€â”¼â”€â”€â”€â”€â”€â”€â”€â”€â”€â”€â”¼â”€â”€â”€â”€â”€â”€â”€â”€â”€â”€â”€â”€â”€â”¼â”€â”€â”€â”€â”€â”€â”€â”€â”€â”€â”€â”€â”€â”€â”€â”€â”€â”€â”€â”€â”€â”€â”€â”€â”€â”€â”€â”€â”€â”€â”€â”€â”€â”€â”€â”€â”€â”€â”€â”€â”€â”€â”€â”€â”€â”€â”€â”€â”€â”€â”€â”€â”€â”€â”€â”€â”€â”€â”€â”€â”€â”€â”€â”€â”€â”€â”€â”€â”€â”€â”€â”€â”€â”€â”€â”€â”€â”€â”€â”€â”€â”€â”€â”€â”€â”€â”€â”€â”€â”€â”€â”€â”€â”€â”€â”€â”€â”€â”€â”€â”€â”€â”€â”€â”€â”€â”€â”€â”€â”€â”€â”€â”€â”€â”€â”€â”€â”€â”€â”€â”€â”€â”€â”€â”€â”€â”€â”€â”€â”€â”€â”€â”€â”€â”€â”¤
â”‚[40m [32mâœ”[39m  [49mâ”‚[40m [32mSUCCESS[39m  [49mâ”‚ Module   â”‚ 350 bytes   â”‚ https://ipfs.io/ipfs/QmV5bZGEcY1anNnmMKsKsaewmyhZ9adzqZiPrpjvRqz1d6                                                                   â”‚
â””â”€â”€â”€â”€â”´â”€â”€â”€â”€â”€â”€â”€â”€â”€â”€â”´â”€â”€â”€â”€â”€â”€â”€â”€â”€â”€â”´â”€â”€â”€â”€â”€â”€â”€â”€â”€â”€â”€â”€â”€â”´â”€â”€â”€â”€â”€â”€â”€â”€â”€â”€â”€â”€â”€â”€â”€â”€â”€â”€â”€â”€â”€â”€â”€â”€â”€â”€â”€â”€â”€â”€â”€â”€â”€â”€â”€â”€â”€â”€â”€â”€â”€â”€â”€â”€â”€â”€â”€â”€â”€â”€â”€â”€â”€â”€â”€â”€â”€â”€â”€â”€â”€â”€â”€â”€â”€â”€â”€â”€â”€â”€â”€â”€â”€â”€â”€â”€â”€â”€â”€â”€â”€â”€â”€â”€â”€â”€â”€â”€â”€â”€â”€â”€â”€â”€â”€â”€â”€â”€â”€â”€â”€â”€â”€â”€â”€â”€â”€â”€â”€â”€â”€â”€â”€â”€â”€â”€â”€â”€â”€â”€â”€â”€â”€â”€â”€â”€â”€â”€â”€â”€â”€â”€â”€â”€â”€â”˜
1568479286481,Bundling Started!

./tailwind/build
âœ¨  [32m[1mBuilt in 220ms.[22m[39m

[2mtailwind/build/[22m[36m[1mtailwind.js[22m[39m        [1m[35m1.82 KB[39m[22m    [32m[1m102ms[22m[39m
[2mtailwind/build/[22m[36m[1mtailwind.js.map[22m[39m    [1m[35m1.02 KB[39m[22m      [32m[1m2ms[22m[39m
1568479287709,Bundling finished!

1568479287710,Adding commit message Init tailwind...

1568479287935,Cloudflare: https://cloudflare-ipfs.com/ipfs/QmebuXCsggLwGKrevdNxxfxhnHh6MY1z65XFdbrhGrdyX4
1568479287936,Commit message added...

1568479287940,Reading bundle ./tailwind/build/tailwind.js finished!

1568479288172,Cloudflare: https://cloudflare-ipfs.com/ipfs/QmbCFo9ptPMoJa7NHhnmn9v7YCzw2EZKdcD4KVwaPSH5bN
1568479288172,Bundle added to ipfs ./tailwind/build/tailwind.js

1568479288173,Typescript definitions merge started!

1568479288175,Typescript merging definitions started in child process...

1568479290429,Child process exited with code 0

1568479290429,Typescript definitions merge finished! Reading file...

1568479290434,Typescript definitions read finished! Adding to IPFS...

1568479290716,Cloudflare: https://cloudflare-ipfs.com/ipfs/QmfESD7hamUFyLLdVxaXcSMjA9iQ9h4MB2YVREJnhcoeMp
1568479290716,Typescript definitions added to IPFS! Adding module configuration...

1568479290720,Reactive file present reactive.json package dependencies will be taken from it
1568479290724,Current module before deploy {"name":"@my-project/tailwind","module":"QmbCFo9ptPMoJa7NHhnmn9v7YCzw2EZKdcD4KVwaPSH5bN","createdAt":"2019-09-14T16:41:30.719Z","typings":"QmfESD7hamUFyLLdVxaXcSMjA9iQ9h4MB2YVREJnhcoeMp","message":"QmebuXCsggLwGKrevdNxxfxhnHh6MY1z65XFdbrhGrdyX4","previous":[]}
1568479290930,Cloudflare: https://cloudflare-ipfs.com/ipfs/QmZfrerbVbndGSt2RiC9r4CwHn9A2Zh2hAQijtaGRSgkpD
1568479290934,Module configuration added to ipfs!

1568479290942,Module saved to persistant history!
